<?xml version='1.0' encoding='UTF-8'?>
<testsuite hostname="MacBook-Air-de-Malo.local" name="MainSpec" tests="7" errors="0" failures="0" skipped="0" time="0.615" timestamp="2023-06-20T10:10:19">
          <properties>
[...]
</properties>
          <testcase classname="MainSpec" name="formatUrl should return a valid url" time="0.039">
                      
                    </testcase><testcase classname="MainSpec" name="parseJson should return a list of WikiPage" time="0.498">
                      
                    </testcase><testcase classname="MainSpec" name="totalWords should return 0 when the list is empty" time="0.001">
                      
                    </testcase><testcase classname="MainSpec" name="totalWords should return the total number of words when the list is not empty" time="0.001">
                      
                    </testcase><testcase classname="MainSpec" name="parseArguments should return an error when the arguments are not valid" time="0.074">
                      
                    </testcase><testcase classname="MainSpec" name="parseArguments should return an error when the required argument is not valid pass" time="0.001">
                      
                    </testcase><testcase classname="MainSpec" name="parseArguments should return a Config when the arguments are valid" time="0.001">
                      
                    </testcase>
          <system-out><![CDATA[]]></system-out>
          <system-err><![CDATA[]]></system-err>
        </testsuite>