<?xml version='1.0' encoding='UTF-8'?>
<testsuite hostname="MacBook-Air-de-Malo.local" name="MainSpec" tests="8" errors="0" failures="1" skipped="0" time="0.644" timestamp="2023-06-20T11:28:35">
          <properties>
[...]
</properties>
          <testcase classname="MainSpec" name="formatUrl should return a valid url" time="0.045">
                      
                    </testcase><testcase classname="MainSpec" name="parseJson should return a list of WikiPage" time="0.498">
                      
                    </testcase><testcase classname="MainSpec" name="totalWords should return 0 when the list is empty" time="0.002">
                      
                    </testcase><testcase classname="MainSpec" name="totalWords should return the total number of words when the list is not empty" time="0.002">
                      
                    </testcase><testcase classname="MainSpec" name="parseArguments should return an error when the arguments are not valid" time="0.088">
                      
                    </testcase><testcase classname="MainSpec" name="parseArguments should return an error when the required argument is not valid pass" time="0.001">
                      
                    </testcase><testcase classname="MainSpec" name="parseArguments should return a Config when the arguments are valid" time="0.0">
                      
                    </testcase><testcase classname="MainSpec" name="getPages should return an error when the url is not valid" time="0.008">
                      <failure message="Cannot invoke &quot;scalaj.http.HttpRequest.asString()&quot; because the return value of &quot;HttpUtils.parse(String)&quot; is null" type="java.lang.NullPointerException">java.lang.NullPointerException: Cannot invoke &quot;scalaj.http.HttpRequest.asString()&quot; because the return value of &quot;HttpUtils.parse(String)&quot; is null
	at Main$.getPages(Main.scala:46)
	at MainSpec.$anonfun$new$8(MainSpec.scala:98)
	at org.scalatest.OutcomeOf.outcomeOf(OutcomeOf.scala:85)
	at org.scalatest.OutcomeOf.outcomeOf$(OutcomeOf.scala:83)
	at org.scalatest.OutcomeOf$.outcomeOf(OutcomeOf.scala:104)
	at org.scalatest.Transformer.apply(Transformer.scala:22)
	at org.scalatest.Transformer.apply(Transformer.scala:20)
	at org.scalatest.flatspec.AnyFlatSpecLike$$anon$5.apply(AnyFlatSpecLike.scala:1812)
	at org.scalatest.TestSuite.withFixture(TestSuite.scala:196)
	at org.scalatest.TestSuite.withFixture$(TestSuite.scala:195)
	at org.scalatest.flatspec.AnyFlatSpec.withFixture(AnyFlatSpec.scala:1685)
	at org.scalatest.flatspec.AnyFlatSpecLike.invokeWithFixture$1(AnyFlatSpecLike.scala:1810)
	at org.scalatest.flatspec.AnyFlatSpecLike.$anonfun$runTest$1(AnyFlatSpecLike.scala:1822)
	at org.scalatest.SuperEngine.runTestImpl(Engine.scala:306)
	at org.scalatest.flatspec.AnyFlatSpecLike.runTest(AnyFlatSpecLike.scala:1822)
	at org.scalatest.flatspec.AnyFlatSpecLike.runTest$(AnyFlatSpecLike.scala:1804)
	at org.scalatest.flatspec.AnyFlatSpec.runTest(AnyFlatSpec.scala:1685)
	at org.scalatest.flatspec.AnyFlatSpecLike.$anonfun$runTests$1(AnyFlatSpecLike.scala:1880)
	at org.scalatest.SuperEngine.$anonfun$runTestsInBranch$1(Engine.scala:413)
	at scala.collection.immutable.List.foreach(List.scala:431)
	at org.scalatest.SuperEngine.traverseSubNodes$1(Engine.scala:401)
	at org.scalatest.SuperEngine.runTestsInBranch(Engine.scala:390)
	at org.scalatest.SuperEngine.$anonfun$runTestsInBranch$1(Engine.scala:427)
	at scala.collection.immutable.List.foreach(List.scala:431)
	at org.scalatest.SuperEngine.traverseSubNodes$1(Engine.scala:401)
	at org.scalatest.SuperEngine.runTestsInBranch(Engine.scala:396)
	at org.scalatest.SuperEngine.runTestsImpl(Engine.scala:475)
	at org.scalatest.flatspec.AnyFlatSpecLike.runTests(AnyFlatSpecLike.scala:1880)
	at org.scalatest.flatspec.AnyFlatSpecLike.runTests$(AnyFlatSpecLike.scala:1879)
	at org.scalatest.flatspec.AnyFlatSpec.runTests(AnyFlatSpec.scala:1685)
	at org.scalatest.Suite.run(Suite.scala:1112)
	at org.scalatest.Suite.run$(Suite.scala:1094)
	at org.scalatest.flatspec.AnyFlatSpec.org$scalatest$flatspec$AnyFlatSpecLike$$super$run(AnyFlatSpec.scala:1685)
	at org.scalatest.flatspec.AnyFlatSpecLike.$anonfun$run$1(AnyFlatSpecLike.scala:1925)
	at org.scalatest.SuperEngine.runImpl(Engine.scala:535)
	at org.scalatest.flatspec.AnyFlatSpecLike.run(AnyFlatSpecLike.scala:1925)
	at org.scalatest.flatspec.AnyFlatSpecLike.run$(AnyFlatSpecLike.scala:1923)
	at org.scalatest.flatspec.AnyFlatSpec.run(AnyFlatSpec.scala:1685)
	at org.scalatest.tools.Framework.org$scalatest$tools$Framework$$runSuite(Framework.scala:318)
	at org.scalatest.tools.Framework$ScalaTestTask.execute(Framework.scala:513)
	at sbt.TestRunner.runTest$1(TestFramework.scala:147)
	at sbt.TestRunner.run(TestFramework.scala:162)
	at sbt.TestFramework$$anon$3$$anonfun$$lessinit$greater$1.$anonfun$apply$1(TestFramework.scala:330)
	at sbt.TestFramework$.sbt$TestFramework$$withContextLoader(TestFramework.scala:290)
	at sbt.TestFramework$$anon$3$$anonfun$$lessinit$greater$1.apply(TestFramework.scala:330)
	at sbt.TestFramework$$anon$3$$anonfun$$lessinit$greater$1.apply(TestFramework.scala:330)
	at sbt.TestFunction.apply(TestFramework.scala:342)
	at sbt.Tests$.$anonfun$toTask$1(Tests.scala:435)
	at sbt.std.Transform$$anon$3.$anonfun$apply$2(Transform.scala:46)
	at sbt.std.Transform$$anon$4.work(Transform.scala:68)
	at sbt.Execute.$anonfun$submit$2(Execute.scala:282)
	at sbt.internal.util.ErrorHandling$.wideConvert(ErrorHandling.scala:23)
	at sbt.Execute.work(Execute.scala:291)
	at sbt.Execute.$anonfun$submit$1(Execute.scala:282)
	at sbt.ConcurrentRestrictions$$anon$4.$anonfun$submitValid$1(ConcurrentRestrictions.scala:265)
	at sbt.CompletionService$$anon$2.call(CompletionService.scala:64)
	at java.base/java.util.concurrent.FutureTask.run(FutureTask.java:317)
	at java.base/java.util.concurrent.Executors$RunnableAdapter.call(Executors.java:577)
	at java.base/java.util.concurrent.FutureTask.run(FutureTask.java:317)
	at java.base/java.util.concurrent.ThreadPoolExecutor.runWorker(ThreadPoolExecutor.java:1144)
	at java.base/java.util.concurrent.ThreadPoolExecutor$Worker.run(ThreadPoolExecutor.java:642)
	at java.base/java.lang.Thread.run(Thread.java:1623)
</failure>
                    </testcase>
          <system-out><![CDATA[]]></system-out>
          <system-err><![CDATA[]]></system-err>
        </testsuite>