<?xml version="1.0"?>
<!DOCTYPE coverage SYSTEM "http://cobertura.sourceforge.net/xml/coverage-04.dtd">
<coverage 
line-rate="0.94" lines-valid="66" lines-covered="62" branches-valid="0" branches-covered="0" branch-rate="1.00" complexity="0" version="1.0" timestamp="1687248624432">
    <sources>
        <source>--source</source>
        <source>/Users/malomiquel/Downloads/Exam-Scala/wikipages/src/main/scala</source>
    </sources>
    <packages>
        <package name="&lt;empty&gt;" line-rate="0.94" branch-rate="1.00" complexity="0">
            <classes>
                <class name="Main" filename="Main.scala" line-rate="0.94" branch-rate="1.00" complexity="0">
                    <methods>
                        <method name="&lt;empty&gt;/Main/&lt;none&gt;" signature="()V" line-rate="1.00" branch-rate="1.00" complexity="0">
                            <lines>
                                <line number="17" hits="1" branch="false"/>
                                <line number="19" hits="1" branch="false"/>
                                <line number="18" hits="1" branch="false"/>
                                <line number="17" hits="1" branch="false"/>
                            </lines>
                        </method>
                        <method name="&lt;empty&gt;/Main/getPages" signature="()V" line-rate="0.67" branch-rate="1.00" complexity="0">
                            <lines>
                                <line number="46" hits="1" branch="false"/>
                                <line number="48" hits="1" branch="false"/>
                                <line number="49" hits="0" branch="false"/>
                                <line number="48" hits="1" branch="false"/>
                                <line number="47" hits="1" branch="false"/>
                                <line number="49" hits="0" branch="false"/>
                            </lines>
                        </method>
                        <method name="&lt;empty&gt;/Main/displayPages" signature="()V" line-rate="1.00" branch-rate="1.00" complexity="0">
                            <lines>
                                <line number="69" hits="1" branch="false"/>
                                <line number="68" hits="1" branch="false"/>
                                <line number="71" hits="1" branch="false"/>
                                <line number="68" hits="1" branch="false"/>
                                <line number="70" hits="1" branch="false"/>
                                <line number="69" hits="1" branch="false"/>
                                <line number="69" hits="1" branch="false"/>
                                <line number="71" hits="1" branch="false"/>
                                <line number="73" hits="1" branch="false"/>
                                <line number="69" hits="1" branch="false"/>
                                <line number="71" hits="1" branch="false"/>
                                <line number="68" hits="1" branch="false"/>
                                <line number="71" hits="1" branch="false"/>
                                <line number="68" hits="1" branch="false"/>
                                <line number="74" hits="1" branch="false"/>
                                <line number="69" hits="1" branch="false"/>
                                <line number="68" hits="1" branch="false"/>
                                <line number="71" hits="1" branch="false"/>
                            </lines>
                        </method>
                        <method name="&lt;empty&gt;/Main/totalWords" signature="()V" line-rate="1.00" branch-rate="1.00" complexity="0">
                            <lines>
                                <line number="64" hits="2" branch="false"/>
                                <line number="64" hits="2" branch="false"/>
                                <line number="64" hits="2" branch="false"/>
                                <line number="64" hits="2" branch="false"/>
                            </lines>
                        </method>
                        <method name="&lt;empty&gt;/Main/parseJson" signature="()V" line-rate="1.00" branch-rate="1.00" complexity="0">
                            <lines>
                                <line number="54" hits="2" branch="false"/>
                                <line number="58" hits="2" branch="false"/>
                                <line number="56" hits="2" branch="false"/>
                                <line number="55" hits="2" branch="false"/>
                                <line number="57" hits="2" branch="false"/>
                                <line number="58" hits="2" branch="false"/>
                                <line number="55" hits="2" branch="false"/>
                                <line number="59" hits="2" branch="false"/>
                                <line number="57" hits="2" branch="false"/>
                                <line number="55" hits="2" branch="false"/>
                                <line number="56" hits="2" branch="false"/>
                                <line number="57" hits="2" branch="false"/>
                                <line number="55" hits="2" branch="false"/>
                                <line number="58" hits="2" branch="false"/>
                            </lines>
                        </method>
                        <method name="&lt;empty&gt;/Main/parseArguments" signature="()V" line-rate="1.00" branch-rate="1.00" complexity="0">
                            <lines>
                                <line number="30" hits="2" branch="false"/>
                                <line number="39" hits="2" branch="false"/>
                                <line number="39" hits="2" branch="false"/>
                                <line number="39" hits="2" branch="false"/>
                                <line number="27" hits="2" branch="false"/>
                                <line number="26" hits="2" branch="false"/>
                                <line number="36" hits="2" branch="false"/>
                                <line number="39" hits="2" branch="false"/>
                                <line number="39" hits="2" branch="false"/>
                                <line number="23" hits="2" branch="false"/>
                            </lines>
                        </method>
                        <method name="&lt;empty&gt;/Main/run" signature="()V" line-rate="0.75" branch-rate="1.00" complexity="0">
                            <lines>
                                <line number="79" hits="1" branch="false"/>
                                <line number="80" hits="1" branch="false"/>
                                <line number="82" hits="0" branch="false"/>
                                <line number="81" hits="1" branch="false"/>
                                <line number="79" hits="1" branch="false"/>
                                <line number="79" hits="1" branch="false"/>
                                <line number="81" hits="1" branch="false"/>
                                <line number="82" hits="0" branch="false"/>
                            </lines>
                        </method>
                        <method name="&lt;empty&gt;/Main/formatUrl" signature="()V" line-rate="1.00" branch-rate="1.00" complexity="0">
                            <lines>
                                <line number="43" hits="2" branch="false"/>
                            </lines>
                        </method>
                    </methods>
                    <lines>
                        <line number="54" hits="2" branch="false"/>
                        <line number="79" hits="1" branch="false"/>
                        <line number="69" hits="1" branch="false"/>
                        <line number="58" hits="2" branch="false"/>
                        <line number="68" hits="1" branch="false"/>
                        <line number="80" hits="1" branch="false"/>
                        <line number="71" hits="1" branch="false"/>
                        <line number="46" hits="1" branch="false"/>
                        <line number="30" hits="2" branch="false"/>
                        <line number="56" hits="2" branch="false"/>
                        <line number="68" hits="1" branch="false"/>
                        <line number="55" hits="2" branch="false"/>
                        <line number="39" hits="2" branch="false"/>
                        <line number="70" hits="1" branch="false"/>
                        <line number="57" hits="2" branch="false"/>
                        <line number="64" hits="2" branch="false"/>
                        <line number="69" hits="1" branch="false"/>
                        <line number="48" hits="1" branch="false"/>
                        <line number="17" hits="1" branch="false"/>
                        <line number="82" hits="0" branch="false"/>
                        <line number="19" hits="1" branch="false"/>
                        <line number="39" hits="2" branch="false"/>
                        <line number="69" hits="1" branch="false"/>
                        <line number="81" hits="1" branch="false"/>
                        <line number="71" hits="1" branch="false"/>
                        <line number="73" hits="1" branch="false"/>
                        <line number="64" hits="2" branch="false"/>
                        <line number="69" hits="1" branch="false"/>
                        <line number="18" hits="1" branch="false"/>
                        <line number="39" hits="2" branch="false"/>
                        <line number="49" hits="0" branch="false"/>
                        <line number="58" hits="2" branch="false"/>
                        <line number="43" hits="2" branch="false"/>
                        <line number="27" hits="2" branch="false"/>
                        <line number="71" hits="1" branch="false"/>
                        <line number="68" hits="1" branch="false"/>
                        <line number="55" hits="2" branch="false"/>
                        <line number="59" hits="2" branch="false"/>
                        <line number="79" hits="1" branch="false"/>
                        <line number="26" hits="2" branch="false"/>
                        <line number="64" hits="2" branch="false"/>
                        <line number="48" hits="1" branch="false"/>
                        <line number="57" hits="2" branch="false"/>
                        <line number="79" hits="1" branch="false"/>
                        <line number="81" hits="1" branch="false"/>
                        <line number="71" hits="1" branch="false"/>
                        <line number="68" hits="1" branch="false"/>
                        <line number="55" hits="2" branch="false"/>
                        <line number="56" hits="2" branch="false"/>
                        <line number="47" hits="1" branch="false"/>
                        <line number="36" hits="2" branch="false"/>
                        <line number="74" hits="1" branch="false"/>
                        <line number="49" hits="0" branch="false"/>
                        <line number="69" hits="1" branch="false"/>
                        <line number="17" hits="1" branch="false"/>
                        <line number="39" hits="2" branch="false"/>
                        <line number="57" hits="2" branch="false"/>
                        <line number="64" hits="2" branch="false"/>
                        <line number="82" hits="0" branch="false"/>
                        <line number="39" hits="2" branch="false"/>
                        <line number="68" hits="1" branch="false"/>
                        <line number="71" hits="1" branch="false"/>
                        <line number="55" hits="2" branch="false"/>
                        <line number="23" hits="2" branch="false"/>
                        <line number="58" hits="2" branch="false"/>
                    </lines>
                </class>
                <class name="HttpUtils" filename="Main.scala" line-rate="1.00" branch-rate="1.00" complexity="0">
                    <methods>
                        <method name="&lt;empty&gt;/HttpUtils/parse" signature="()V" line-rate="1.00" branch-rate="1.00" complexity="0">
                            <lines>
                                <line number="13" hits="1" branch="false"/>
                            </lines>
                        </method>
                    </methods>
                    <lines>
                        <line number="13" hits="1" branch="false"/>
                    </lines>
                </class>
            </classes>
        </package>
    </packages>
</coverage>
